<?xml version="1.0" encoding="UTF-8"?>
<testsuite xmlns:xsi="http://www.w3.org/2001/XMLSchema-instance" xsi:noNamespaceSchemaLocation="https://maven.apache.org/surefire/maven-surefire-plugin/xsd/surefire-test-report-3.0.xsd" version="3.0" name="pl.polsl.mj.model.ModelTest" time="0.034" tests="2" errors="0" skipped="2" failures="0">
  <properties>
[...]
</properties>
  <testcase name="testRomanToArabic(String, int)" classname="pl.polsl.mj.model.ModelTest" time="0">
    <skipped message="Conversion need to be implemented"/>
  </testcase>
  <testcase name="testArabicToRoman(int, String)" classname="pl.polsl.mj.model.ModelTest" time="0">
    <skipped message="Conversion need to be implemented"/>
  </testcase>
</testsuite>